<?xml version="1.0" encoding="UTF-8"?>
<testsuites name="nextest-run" tests="2" failures="2" errors="0" uuid="c89ecebb-df07-4e32-b537-2332bcc5a6a2" timestamp="2026-06-11T12:41:03.001+00:00" time="67.146">
    <testsuite name="acceptance-tests::local_control_plane_e2e" tests="1" disabled="0" errors="0" failures="1">
        <testcase name="local_control_plane_e2e" classname="acceptance-tests::local_control_plane_e2e" timestamp="2026-06-11T12:41:03.002+00:00" time="67.144">
            <failure message="process aborted with code 0xc000013a: {Application Exit by CTRL+C}" type="test abort">process aborted with code 0xc000013a: {Application Exit by CTRL+C}
The application terminated as a result of a CTRL+C. (os error 572)</failure>
            <system-out>
running 1 test
test local_control_plane_e2e has been running for over 60 seconds
</system-out>
            <system-err>    Blocking waiting for file lock on package cache
    Blocking waiting for file lock on package cache
    Blocking waiting for file lock on package cache
    Blocking waiting for file lock on build directory
</system-err>
        </testcase>
    </testsuite>
    <testsuite name="acceptance-tests::offline_mode" tests="1" disabled="0" errors="0" failures="1">
        <testcase name="test_offline_mode_resilience" classname="acceptance-tests::offline_mode" timestamp="2026-06-11T12:41:03.002+00:00" time="67.144">
            <failure message="process aborted with code 0xc000013a: {Application Exit by CTRL+C}" type="test abort">process aborted with code 0xc000013a: {Application Exit by CTRL+C}
The application terminated as a result of a CTRL+C. (os error 572)</failure>
            <system-out>
running 1 test
test test_offline_mode_resilience has been running for over 60 seconds
</system-out>
            <system-err>    Blocking waiting for file lock on package cache
    Blocking waiting for file lock on package cache
    Blocking waiting for file lock on package cache
   Compiling serde v1.0.228
   Compiling serde_core v1.0.228
   Compiling memchr v2.8.1
   Compiling syn v2.0.117
   Compiling getrandom v0.3.4
   Compiling jobserver v0.1.34
   Compiling cc v1.2.62
   Compiling version_check v0.9.5
   Compiling windows-sys v0.61.2
   Compiling indexmap v2.14.0
   Compiling log v0.4.30
   Compiling autocfg v1.5.1
   Compiling getrandom v0.2.17
   Compiling zerocopy v0.8.48
   Compiling serde_json v1.0.150
   Compiling synstructure v0.13.2
   Compiling futures-sink v0.3.32
   Compiling tracing-core v0.1.36
   Compiling futures-io v0.3.32
   Compiling futures-task v0.3.32
   Compiling serde_derive v1.0.228
   Compiling tracing-attributes v0.1.31
   Compiling socket2 v0.6.3
   Compiling mio v1.2.0
   Compiling tracing v0.1.44
   Compiling tokio-macros v2.7.0
   Compiling displaydoc v0.2.6
   Compiling smallvec v1.15.1
   Compiling zerofrom-derive v0.1.7
   Compiling parking_lot_core v0.9.12
   Compiling parking_lot v0.12.5
   Compiling yoke-derive v0.8.2
   Compiling generic-array v0.14.7
   Compiling tokio v1.52.3
   Compiling slab v0.4.12
   Compiling futures-channel v0.3.32
   Compiling zerovec-derive v0.11.3
   Compiling zerofrom v0.1.8
   Compiling futures-macro v0.3.32
   Compiling yoke v0.8.2
   Compiling thiserror v2.0.18
   Compiling thiserror-impl v2.0.18
   Compiling futures-util v0.3.32
   Compiling zerovec v0.11.6
   Compiling tinystr v0.8.3
   Compiling rand_core v0.6.4
   Compiling icu_locale_core v2.2.0
   Compiling potential_utf v0.1.5
   Compiling zerotrie v0.2.4
   Compiling typenum v1.20.0
   Compiling icu_collections v2.2.0
   Compiling icu_provider v2.2.0
   Compiling bitflags v2.11.1
   Compiling icu_properties v2.2.0
   Compiling num-traits v0.2.19
   Compiling fnv v1.0.7
   Compiling tokio-util v0.7.18
   Compiling async-trait v0.1.89
   Compiling ahash v0.8.12
   Compiling rustversion v1.0.22
   Compiling icu_normalizer v2.2.0
   Compiling idna_adapter v1.2.2
   Compiling zeroize_derive v1.4.3
   Compiling thiserror v1.0.69
   Compiling idna v1.1.0
   Compiling thiserror-impl v1.0.69
   Compiling zeroize v1.8.2
   Compiling aho-corasick v1.1.4
   Compiling regex-syntax v0.8.10
   Compiling pkg-config v0.3.33
   Compiling url v2.5.8
   Compiling cmake v0.1.58
   Compiling dunce v1.0.5
   Compiling fs_extra v1.3.0
   Compiling crypto-common v0.1.7
   Compiling ring v0.17.14
   Compiling aws-lc-sys v0.41.0
   Compiling cpufeatures v0.2.17
   Compiling httpdate v1.0.3
   Compiling windows-sys v0.52.0
   Compiling aws-lc-rs v1.17.0
   Compiling rustls-pki-types v1.14.1
   Compiling semver v1.0.28
   Compiling rand_core v0.10.1
   Compiling getrandom v0.4.2
   Compiling hashbrown v0.14.5
   Compiling ppv-lite86 v0.2.21
   Compiling rustls v0.23.40
   Compiling h2 v0.4.14
   Compiling rand_chacha v0.3.1
   Compiling either v1.16.0
   Compiling rand v0.8.6
   Compiling webpki-roots v1.0.7
   Compiling regex-automata v0.4.14
   Compiling hyper v1.9.0
   Compiling hyper-util v0.1.20
   Compiling num-conv v0.2.2
   Compiling time-core v0.1.8
   Compiling powerfmt v0.2.0
   Compiling winapi v0.3.9
   Compiling deranged v0.5.8
   Compiling time-macros v0.2.27
   Compiling tower v0.5.3
   Compiling block-buffer v0.10.4
   Compiling digest v0.10.7
   Compiling time v0.3.47
   Compiling serde_urlencoded v0.7.1
   Compiling mime v0.3.17
   Compiling unicode-xid v0.2.6
   Compiling sha2 v0.10.9
   Compiling lazy_static v1.5.0
   Compiling cranelift-isle v0.108.2
   Compiling parking v2.2.1
   Compiling chrono v0.4.45
   Compiling tokio-stream v0.1.18
   Compiling futures-executor v0.3.32
   Compiling windows-sys v0.59.0
   Compiling cranelift-entity v0.108.2
   Compiling cranelift-codegen-shared v0.108.2
   Compiling target-lexicon v0.12.16
   Compiling cranelift-codegen-meta v0.108.2
   Compiling itertools v0.14.0
   Compiling uuid v1.23.1
   Compiling wasmtime-versioned-export-macros v21.0.2
   Compiling gimli v0.28.1
   Compiling base64 v0.21.7
   Compiling io-lifetimes v2.0.4
   Compiling bumpalo v3.20.3
   Compiling leb128 v0.2.6
   Compiling cranelift-codegen v0.108.2
   Compiling tower-http v0.6.11
   Compiling zstd-sys v2.0.16+zstd.1.5.7
   Compiling hashbrown v0.13.2
   Compiling crossbeam-epoch v0.9.18
   Compiling num-integer v0.1.46
   Compiling indexmap v1.9.3
   Compiling byteorder v1.5.0
   Compiling rustc-hash v1.1.0
   Compiling arbitrary v1.4.2
   Compiling unicode-width v0.2.2
   Compiling matchit v0.7.3
   Compiling crc32fast v1.5.0
   Compiling slice-group-by v0.3.1
   Compiling regalloc2 v0.9.3
</system-err>
        </testcase>
    </testsuite>
</testsuites>
